Determining if the pthread_create exist failed with the following output:
Change Dir: /home/darien/Bowser/catkin_ws/build/CMakeFiles/CMakeTmp

Run Build Command:"/usr/bin/make" "cmTC_fb0aa/fast"
/usr/bin/make -f CMakeFiles/cmTC_fb0aa.dir/build.make CMakeFiles/cmTC_fb0aa.dir/build
make[1]: Entering directory '/home/darien/Bowser/catkin_ws/build/CMakeFiles/CMakeTmp'
Building C object CMakeFiles/cmTC_fb0aa.dir/CheckSymbolExists.c.o
/usr/bin/cc    -o CMakeFiles/cmTC_fb0aa.dir/CheckSymbolExists.c.o   -c /home/darien/Bowser/catkin_ws/build/CMakeFiles/CMakeTmp/CheckSymbolExists.c
Linking C executable cmTC_fb0aa
/usr/bin/cmake -E cmake_link_script CMakeFiles/cmTC_fb0aa.dir/link.txt --verbose=1
/usr/bin/cc      -rdynamic CMakeFiles/cmTC_fb0aa.dir/CheckSymbolExists.c.o  -o cmTC_fb0aa 
CMakeFiles/cmTC_fb0aa.dir/CheckSymbolExists.c.o: In function `main':
CheckSymbolExists.c:(.text+0x1b): undefined reference to `pthread_create'
collect2: error: ld returned 1 exit status
CMakeFiles/cmTC_fb0aa.dir/build.make:97: recipe for target 'cmTC_fb0aa' failed
make[1]: *** [cmTC_fb0aa] Error 1
make[1]: Leaving directory '/home/darien/Bowser/catkin_ws/build/CMakeFiles/CMakeTmp'
Makefile:126: recipe for target 'cmTC_fb0aa/fast' failed
make: *** [cmTC_fb0aa/fast] Error 2

File /home/darien/Bowser/catkin_ws/build/CMakeFiles/CMakeTmp/CheckSymbolExists.c:
/* */
#include <pthread.h>

int main(int argc, char** argv)
{
  (void)argv;
#ifndef pthread_create
  return ((int*)(&pthread_create))[argc];
#else
  (void)argc;
  return 0;
#endif
}

Determining if the function pthread_create exists in the pthreads failed with the following output:
Change Dir: /home/darien/Bowser/catkin_ws/build/CMakeFiles/CMakeTmp

Run Build Command:"/usr/bin/make" "cmTC_d79af/fast"
/usr/bin/make -f CMakeFiles/cmTC_d79af.dir/build.make CMakeFiles/cmTC_d79af.dir/build
make[1]: Entering directory '/home/darien/Bowser/catkin_ws/build/CMakeFiles/CMakeTmp'
Building C object CMakeFiles/cmTC_d79af.dir/CheckFunctionExists.c.o
/usr/bin/cc   -DCHECK_FUNCTION_EXISTS=pthread_create   -o CMakeFiles/cmTC_d79af.dir/CheckFunctionExists.c.o   -c /usr/share/cmake-3.10/Modules/CheckFunctionExists.c
Linking C executable cmTC_d79af
/usr/bin/cmake -E cmake_link_script CMakeFiles/cmTC_d79af.dir/link.txt --verbose=1
/usr/bin/cc  -DCHECK_FUNCTION_EXISTS=pthread_create    -rdynamic CMakeFiles/cmTC_d79af.dir/CheckFunctionExists.c.o  -o cmTC_d79af -lpthreads 
/usr/bin/ld: cannot find -lpthreads
collect2: error: ld returned 1 exit status
CMakeFiles/cmTC_d79af.dir/build.make:97: recipe for target 'cmTC_d79af' failed
make[1]: *** [cmTC_d79af] Error 1
make[1]: Leaving directory '/home/darien/Bowser/catkin_ws/build/CMakeFiles/CMakeTmp'
Makefile:126: recipe for target 'cmTC_d79af/fast' failed
make: *** [cmTC_d79af/fast] Error 2


